0 info it worked if it ends with ok
1 verbose cli [ '/usr/bin/node', '/usr/bin/npm', 'install', '-g', 'bower' ]
2 info using npm@1.4.29
3 info using node@v0.10.43
4 verbose node symlink /usr/bin/node
5 warn deprecated This version of npm lacks support for important features,
6 warn deprecated such as scoped packages, offered by the primary npm
7 warn deprecated registry. Consider upgrading to at least npm@2, if not the
8 warn deprecated latest stable version. To upgrade to npm@2, run:
9 warn deprecated npm -g install npm@latest-2
10 warn deprecated To upgrade to the latest stable version, run:
11 warn deprecated npm -g install npm@latest
12 warn deprecated (Depending on how Node.js was installed on your system, you
13 warn deprecated may need to prefix the preceding commands with `sudo`, or if
14 warn deprecated on Windows, run them from an Administrator prompt.)
15 warn deprecated If you're running the version of npm bundled with
16 warn deprecated Node.js 0.10 LTS, be aware that the next version of 0.10 LTS
17 warn deprecated will be bundled with a version of npm@2, which has some small
18 warn deprecated backwards-incompatible changes made to `npm run-script` and
19 warn deprecated semver behavior.
20 verbose cache add [ 'bower', null ]
21 verbose cache add name=undefined spec="bower" args=["bower",null]
22 verbose parsed url { protocol: null,
22 verbose parsed url   slashes: null,
22 verbose parsed url   auth: null,
22 verbose parsed url   host: null,
22 verbose parsed url   port: null,
22 verbose parsed url   hostname: null,
22 verbose parsed url   hash: null,
22 verbose parsed url   search: null,
22 verbose parsed url   query: null,
22 verbose parsed url   pathname: 'bower',
22 verbose parsed url   path: 'bower',
22 verbose parsed url   href: 'bower' }
23 silly lockFile 206e3ce5-bower bower
24 verbose lock bower /home/cipriano/.npm/206e3ce5-bower.lock
25 silly lockFile 206e3ce5-bower bower
26 silly lockFile 206e3ce5-bower bower
27 verbose addNamed [ 'bower', '' ]
28 verbose addNamed [ null, '*' ]
29 silly lockFile 1240aab1-bower bower@
30 verbose lock bower@ /home/cipriano/.npm/1240aab1-bower.lock
31 silly addNameRange { name: 'bower', range: '*', hasData: false }
32 verbose request where is /bower
33 verbose request registry https://registry.npmjs.org/
34 verbose request id 8988226d23fd9e82
35 verbose url raw /bower
36 verbose url resolving [ 'https://registry.npmjs.org/', './bower' ]
37 verbose url resolved https://registry.npmjs.org/bower
38 verbose request where is https://registry.npmjs.org/bower
39 info trying registry request attempt 1 at 18:09:30
40 http GET https://registry.npmjs.org/bower
41 http 200 https://registry.npmjs.org/bower
42 silly registry.get cb [ 200,
42 silly registry.get   { server: 'CouchDB/1.5.0 (Erlang OTP/R16B03)',
42 silly registry.get     etag: '"DZFJE0XFKS57MHQSFTG1KCAD8"',
42 silly registry.get     'content-type': 'application/json',
42 silly registry.get     'cache-control': 'max-age=300',
42 silly registry.get     'content-length': '169342',
42 silly registry.get     'accept-ranges': 'bytes',
42 silly registry.get     date: 'Thu, 10 Mar 2016 21:09:47 GMT',
42 silly registry.get     via: '1.1 varnish',
42 silly registry.get     age: '253',
42 silly registry.get     connection: 'keep-alive',
42 silly registry.get     'x-served-by': 'cache-dfw1847-DFW',
42 silly registry.get     'x-cache': 'HIT',
42 silly registry.get     'x-cache-hits': '3',
42 silly registry.get     'x-timer': 'S1457644187.971475,VS0,VE0',
42 silly registry.get     vary: 'Accept' } ]
43 silly addNameRange number 2 { name: 'bower', range: '*', hasData: true }
44 silly addNameRange versions [ 'bower',
44 silly addNameRange   [ '0.1.0',
44 silly addNameRange     '0.1.2',
44 silly addNameRange     '0.1.3',
44 silly addNameRange     '0.2.0',
44 silly addNameRange     '0.3.0',
44 silly addNameRange     '0.3.1',
44 silly addNameRange     '0.3.2',
44 silly addNameRange     '0.4.0',
44 silly addNameRange     '0.5.0',
44 silly addNameRange     '0.5.1',
44 silly addNameRange     '0.6.0',
44 silly addNameRange     '0.6.1',
44 silly addNameRange     '0.6.2',
44 silly addNameRange     '0.6.3',
44 silly addNameRange     '0.6.4',
44 silly addNameRange     '0.6.5',
44 silly addNameRange     '0.6.6',
44 silly addNameRange     '0.6.7',
44 silly addNameRange     '0.6.8',
44 silly addNameRange     '0.7.0',
44 silly addNameRange     '0.7.1',
44 silly addNameRange     '0.8.0',
44 silly addNameRange     '0.8.1',
44 silly addNameRange     '0.8.2',
44 silly addNameRange     '0.8.3',
44 silly addNameRange     '0.8.4',
44 silly addNameRange     '0.8.5',
44 silly addNameRange     '0.8.6',
44 silly addNameRange     '0.9.0',
44 silly addNameRange     '0.9.1',
44 silly addNameRange     '0.9.2',
44 silly addNameRange     '0.10.0',
44 silly addNameRange     '1.0.0',
44 silly addNameRange     '1.0.1',
44 silly addNameRange     '1.0.2',
44 silly addNameRange     '1.0.3',
44 silly addNameRange     '1.1.0',
44 silly addNameRange     '1.1.1',
44 silly addNameRange     '1.1.2',
44 silly addNameRange     '1.2.0',
44 silly addNameRange     '1.2.1',
44 silly addNameRange     '1.2.2',
44 silly addNameRange     '1.2.3',
44 silly addNameRange     '1.2.4',
44 silly addNameRange     '1.2.5',
44 silly addNameRange     '1.2.6',
44 silly addNameRange     '1.2.7',
44 silly addNameRange     '1.2.8',
44 silly addNameRange     '1.3.0',
44 silly addNameRange     '1.3.1',
44 silly addNameRange     '1.3.2',
44 silly addNameRange     '1.3.3',
44 silly addNameRange     '1.3.4',
44 silly addNameRange     '1.3.5',
44 silly addNameRange     '1.3.6',
44 silly addNameRange     '1.3.7',
44 silly addNameRange     '1.3.8',
44 silly addNameRange     '1.3.9',
44 silly addNameRange     '1.3.10',
44 silly addNameRange     '1.3.11',
44 silly addNameRange     '1.3.12',
44 silly addNameRange     '1.4.0',
44 silly addNameRange     '1.4.1',
44 silly addNameRange     '1.5.0',
44 silly addNameRange     '1.5.1',
44 silly addNameRange     '1.5.2',
44 silly addNameRange     '1.5.3',
44 silly addNameRange     '1.6.2',
44 silly addNameRange     '1.6.3',
44 silly addNameRange     '1.6.4',
44 silly addNameRange     '1.6.5',
44 silly addNameRange     '1.5.4',
44 silly addNameRange     '1.4.2',
44 silly addNameRange     '1.6.6',
44 silly addNameRange     '1.6.7',
44 silly addNameRange     '1.6.8',
44 silly addNameRange     '1.6.9',
44 silly addNameRange     '1.7.0',
44 silly addNameRange     '1.7.1',
44 silly addNameRange     '1.7.2',
44 silly addNameRange     '1.7.5',
44 silly addNameRange     '1.7.6',
44 silly addNameRange     '1.7.7' ] ]
45 verbose addNamed [ 'bower', '1.7.7' ]
46 verbose addNamed [ '1.7.7', '1.7.7' ]
47 silly lockFile 8acd7280-bower-1-7-7 bower@1.7.7
48 verbose lock bower@1.7.7 /home/cipriano/.npm/8acd7280-bower-1-7-7.lock
49 silly lockFile df5960c3--npmjs-org-bower-bower-1-7-7-tgz https://registry.npmjs.org/bower/-/bower-1.7.7.tgz
50 verbose lock https://registry.npmjs.org/bower/-/bower-1.7.7.tgz /home/cipriano/.npm/df5960c3--npmjs-org-bower-bower-1-7-7-tgz.lock
51 verbose addRemoteTarball [ 'https://registry.npmjs.org/bower/-/bower-1.7.7.tgz',
51 verbose addRemoteTarball   '2fd7ff3ebdcba5a8ffcd84c397c8fdfe9f825f92' ]
52 info retry fetch attempt 1 at 18:09:51
53 verbose fetch to= /tmp/npm-7753-2MR8C2EW/registry.npmjs.org/bower/-/bower-1.7.7.tgz
54 http GET https://registry.npmjs.org/bower/-/bower-1.7.7.tgz
55 http 200 https://registry.npmjs.org/bower/-/bower-1.7.7.tgz
56 silly lockFile df5960c3--npmjs-org-bower-bower-1-7-7-tgz https://registry.npmjs.org/bower/-/bower-1.7.7.tgz
57 silly lockFile df5960c3--npmjs-org-bower-bower-1-7-7-tgz https://registry.npmjs.org/bower/-/bower-1.7.7.tgz
58 silly lockFile 8acd7280-bower-1-7-7 bower@1.7.7
59 silly lockFile 8acd7280-bower-1-7-7 bower@1.7.7
60 silly lockFile 1240aab1-bower bower@
61 silly lockFile 1240aab1-bower bower@
62 silly resolved [ { name: 'bower',
62 silly resolved     version: '1.7.7',
62 silly resolved     description: 'The browser package manager',
62 silly resolved     author: { name: 'Twitter' },
62 silly resolved     license: 'MIT',
62 silly resolved     repository: { type: 'git', url: 'git+https://github.com/bower/bower.git' },
62 silly resolved     main: 'lib',
62 silly resolved     bin: { bower: 'bin/bower' },
62 silly resolved     homepage: 'http://bower.io',
62 silly resolved     engines: { node: '>=0.10.0' },
62 silly resolved     keywords: [ 'bower' ],
62 silly resolved     files: [ 'bin', 'lib' ],
62 silly resolved     bugs: { url: 'https://github.com/bower/bower/issues' },
62 silly resolved     _id: 'bower@1.7.7',
62 silly resolved     scripts: {},
62 silly resolved     _shasum: '2fd7ff3ebdcba5a8ffcd84c397c8fdfe9f825f92',
62 silly resolved     _from: 'bower@',
62 silly resolved     _npmVersion: '3.5.3',
62 silly resolved     _nodeVersion: '4.1.1',
62 silly resolved     _npmUser: { name: 'sheerun', email: 'sheerun@sher.pl' },
62 silly resolved     dist:
62 silly resolved      { shasum: '2fd7ff3ebdcba5a8ffcd84c397c8fdfe9f825f92',
62 silly resolved        tarball: 'http://registry.npmjs.org/bower/-/bower-1.7.7.tgz' },
62 silly resolved     maintainers:
62 silly resolved      [ [Object],
62 silly resolved        [Object],
62 silly resolved        [Object],
62 silly resolved        [Object],
62 silly resolved        [Object],
62 silly resolved        [Object],
62 silly resolved        [Object] ],
62 silly resolved     directories: {},
62 silly resolved     _resolved: 'https://registry.npmjs.org/bower/-/bower-1.7.7.tgz' } ]
63 info install bower@1.7.7 into /usr/lib
64 info installOne bower@1.7.7
65 verbose lib/node_modules/bower unbuild
66 verbose tar unpack /home/cipriano/.npm/bower/1.7.7/package.tgz
67 silly lockFile 6f53a3f9-tar-usr-lib-node-modules-bower tar:///usr/lib/node_modules/bower
68 verbose lock tar:///usr/lib/node_modules/bower /home/cipriano/.npm/6f53a3f9-tar-usr-lib-node-modules-bower.lock
69 silly lockFile f08d1397-iano-npm-bower-1-7-7-package-tgz tar:///home/cipriano/.npm/bower/1.7.7/package.tgz
70 verbose lock tar:///home/cipriano/.npm/bower/1.7.7/package.tgz /home/cipriano/.npm/f08d1397-iano-npm-bower-1-7-7-package-tgz.lock
71 silly gunzTarPerm modes [ '775', '664' ]
72 error Error: EACCES, mkdir '/usr/lib/node_modules/bower'
72 error  { [Error: EACCES, mkdir '/usr/lib/node_modules/bower']
72 error   errno: 3,
72 error   code: 'EACCES',
72 error   path: '/usr/lib/node_modules/bower',
72 error   fstream_type: 'Directory',
72 error   fstream_path: '/usr/lib/node_modules/bower',
72 error   fstream_class: 'DirWriter',
72 error   fstream_stack:
72 error    [ '/usr/lib/node_modules/npm/node_modules/fstream/lib/dir-writer.js:36:23',
72 error      '/usr/lib/node_modules/npm/node_modules/mkdirp/index.js:46:53',
72 error      'Object.oncomplete (fs.js:108:15)' ] }
73 error Please try running this command again as root/Administrator.
74 error System Linux 3.19.0-51-generic
75 error command "/usr/bin/node" "/usr/bin/npm" "install" "-g" "bower"
76 error cwd /home/cipriano/vhosts/code.app
77 error node -v v0.10.43
78 error npm -v 1.4.29
79 error path /usr/lib/node_modules/bower
80 error fstream_path /usr/lib/node_modules/bower
81 error fstream_type Directory
82 error fstream_class DirWriter
83 error code EACCES
84 error errno 3
85 error stack Error: EACCES, mkdir '/usr/lib/node_modules/bower'
86 error fstream_stack /usr/lib/node_modules/npm/node_modules/fstream/lib/dir-writer.js:36:23
86 error fstream_stack /usr/lib/node_modules/npm/node_modules/mkdirp/index.js:46:53
86 error fstream_stack Object.oncomplete (fs.js:108:15)
87 verbose exit [ 3, true ]
